[2020-04-10 20:51:37,925] INFO [GroupCoordinator 0]: Member[group.instance.id None, member.id consumer-console-consumer-24750-1-65300eb5-b1da-49a6-b828-be5b39c81abd] in group console-consumer-24750 has left, removing it from the group (kafka.coordinator.group.GroupCoordinator)
[2020-04-10 20:51:37,928] INFO [GroupCoordinator 0]: Preparing to rebalance group console-consumer-24750 in state PreparingRebalance with old generation 1 (__consumer_offsets-29) (reason: removing member consumer-console-consumer-24750-1-65300eb5-b1da-49a6-b828-be5b39c81abd on LeaveGroup) (kafka.coordinator.group.GroupCoordinator)
[2020-04-10 20:51:37,929] INFO [GroupCoordinator 0]: Group console-consumer-24750 with generation 2 is now empty (__consumer_offsets-29) (kafka.coordinator.group.GroupCoordinator)
[2020-04-10 20:51:50,580] INFO Terminating process due to signal SIGINT (org.apache.kafka.common.utils.LoggingSignalHandler)
[2020-04-10 20:51:50,585] INFO [KafkaServer id=0] shutting down (kafka.server.KafkaServer)
[2020-04-10 20:51:50,588] INFO [KafkaServer id=0] Starting controlled shutdown (kafka.server.KafkaServer)
[2020-04-10 20:51:50,613] INFO [KafkaServer id=0] Controlled shutdown succeeded (kafka.server.KafkaServer)
[2020-04-10 20:51:50,616] INFO [/config/changes-event-process-thread]: Shutting down (kafka.common.ZkNodeChangeNotificationListener$ChangeEventProcessThread)
[2020-04-10 20:51:50,617] INFO [/config/changes-event-process-thread]: Stopped (kafka.common.ZkNodeChangeNotificationListener$ChangeEventProcessThread)
[2020-04-10 20:51:50,617] INFO [/config/changes-event-process-thread]: Shutdown completed (kafka.common.ZkNodeChangeNotificationListener$ChangeEventProcessThread)
[2020-04-10 20:51:50,617] INFO [SocketServer brokerId=0] Stopping socket server request processors (kafka.network.SocketServer)
[2020-04-10 20:51:50,625] INFO [SocketServer brokerId=0] Stopped socket server request processors (kafka.network.SocketServer)
[2020-04-10 20:51:50,626] INFO [data-plane Kafka Request Handler on Broker 0], shutting down (kafka.server.KafkaRequestHandlerPool)
[2020-04-10 20:51:50,628] INFO [data-plane Kafka Request Handler on Broker 0], shut down completely (kafka.server.KafkaRequestHandlerPool)
[2020-04-10 20:51:50,630] INFO [ExpirationReaper-0-AlterAcls]: Shutting down (kafka.server.DelayedOperationPurgatory$ExpiredOperationReaper)
[2020-04-10 20:51:50,774] INFO [ExpirationReaper-0-AlterAcls]: Stopped (kafka.server.DelayedOperationPurgatory$ExpiredOperationReaper)
[2020-04-10 20:51:50,774] INFO [ExpirationReaper-0-AlterAcls]: Shutdown completed (kafka.server.DelayedOperationPurgatory$ExpiredOperationReaper)
[2020-04-10 20:51:50,776] INFO [KafkaApi-0] Shutdown complete. (kafka.server.KafkaApis)
[2020-04-10 20:51:50,779] INFO [ExpirationReaper-0-topic]: Shutting down (kafka.server.DelayedOperationPurgatory$ExpiredOperationReaper)
[2020-04-10 20:51:50,787] INFO [ExpirationReaper-0-topic]: Stopped (kafka.server.DelayedOperationPurgatory$ExpiredOperationReaper)
[2020-04-10 20:51:50,787] INFO [ExpirationReaper-0-topic]: Shutdown completed (kafka.server.DelayedOperationPurgatory$ExpiredOperationReaper)
[2020-04-10 20:51:50,793] INFO [TransactionCoordinator id=0] Shutting down. (kafka.coordinator.transaction.TransactionCoordinator)
[2020-04-10 20:51:50,795] INFO [ProducerId Manager 0]: Shutdown complete: last producerId assigned 4000 (kafka.coordinator.transaction.ProducerIdManager)
[2020-04-10 20:51:50,797] INFO [Transaction State Manager 0]: Shutdown complete (kafka.coordinator.transaction.TransactionStateManager)
[2020-04-10 20:51:50,797] INFO [Transaction Marker Channel Manager 0]: Shutting down (kafka.coordinator.transaction.TransactionMarkerChannelManager)
[2020-04-10 20:51:50,797] INFO [Transaction Marker Channel Manager 0]: Stopped (kafka.coordinator.transaction.TransactionMarkerChannelManager)
[2020-04-10 20:51:50,798] INFO [Transaction Marker Channel Manager 0]: Shutdown completed (kafka.coordinator.transaction.TransactionMarkerChannelManager)
[2020-04-10 20:51:50,800] INFO [TransactionCoordinator id=0] Shutdown complete. (kafka.coordinator.transaction.TransactionCoordinator)
[2020-04-10 20:51:50,801] INFO [GroupCoordinator 0]: Shutting down. (kafka.coordinator.group.GroupCoordinator)
[2020-04-10 20:51:50,802] INFO [ExpirationReaper-0-Heartbeat]: Shutting down (kafka.server.DelayedOperationPurgatory$ExpiredOperationReaper)
[2020-04-10 20:51:50,833] INFO [ExpirationReaper-0-Heartbeat]: Stopped (kafka.server.DelayedOperationPurgatory$ExpiredOperationReaper)
[2020-04-10 20:51:50,833] INFO [ExpirationReaper-0-Heartbeat]: Shutdown completed (kafka.server.DelayedOperationPurgatory$ExpiredOperationReaper)
[2020-04-10 20:51:50,833] INFO [ExpirationReaper-0-Rebalance]: Shutting down (kafka.server.DelayedOperationPurgatory$ExpiredOperationReaper)
[2020-04-10 20:51:50,974] INFO [ExpirationReaper-0-Rebalance]: Stopped (kafka.server.DelayedOperationPurgatory$ExpiredOperationReaper)
[2020-04-10 20:51:50,974] INFO [ExpirationReaper-0-Rebalance]: Shutdown completed (kafka.server.DelayedOperationPurgatory$ExpiredOperationReaper)
[2020-04-10 20:51:50,977] INFO [GroupCoordinator 0]: Shutdown complete. (kafka.coordinator.group.GroupCoordinator)
[2020-04-10 20:51:50,980] INFO [ReplicaManager broker=0] Shutting down (kafka.server.ReplicaManager)
[2020-04-10 20:51:50,981] INFO [LogDirFailureHandler]: Shutting down (kafka.server.ReplicaManager$LogDirFailureHandler)
[2020-04-10 20:51:50,981] INFO [LogDirFailureHandler]: Shutdown completed (kafka.server.ReplicaManager$LogDirFailureHandler)
[2020-04-10 20:51:50,981] INFO [LogDirFailureHandler]: Stopped (kafka.server.ReplicaManager$LogDirFailureHandler)
[2020-04-10 20:51:50,982] INFO [ReplicaFetcherManager on broker 0] shutting down (kafka.server.ReplicaFetcherManager)
[2020-04-10 20:51:50,987] INFO [ReplicaFetcherManager on broker 0] shutdown completed (kafka.server.ReplicaFetcherManager)
[2020-04-10 20:51:50,988] INFO [ReplicaAlterLogDirsManager on broker 0] shutting down (kafka.server.ReplicaAlterLogDirsManager)
[2020-04-10 20:51:50,989] INFO [ReplicaAlterLogDirsManager on broker 0] shutdown completed (kafka.server.ReplicaAlterLogDirsManager)
[2020-04-10 20:51:50,989] INFO [ExpirationReaper-0-Fetch]: Shutting down (kafka.server.DelayedOperationPurgatory$ExpiredOperationReaper)
[2020-04-10 20:51:51,156] INFO [ExpirationReaper-0-Fetch]: Stopped (kafka.server.DelayedOperationPurgatory$ExpiredOperationReaper)
[2020-04-10 20:51:51,157] INFO [ExpirationReaper-0-Fetch]: Shutdown completed (kafka.server.DelayedOperationPurgatory$ExpiredOperationReaper)
[2020-04-10 20:51:51,158] INFO [ExpirationReaper-0-Produce]: Shutting down (kafka.server.DelayedOperationPurgatory$ExpiredOperationReaper)
[2020-04-10 20:51:51,174] INFO [ExpirationReaper-0-Produce]: Stopped (kafka.server.DelayedOperationPurgatory$ExpiredOperationReaper)
[2020-04-10 20:51:51,174] INFO [ExpirationReaper-0-Produce]: Shutdown completed (kafka.server.DelayedOperationPurgatory$ExpiredOperationReaper)
[2020-04-10 20:51:51,175] INFO [ExpirationReaper-0-DeleteRecords]: Shutting down (kafka.server.DelayedOperationPurgatory$ExpiredOperationReaper)
[2020-04-10 20:51:51,375] INFO [ExpirationReaper-0-DeleteRecords]: Stopped (kafka.server.DelayedOperationPurgatory$ExpiredOperationReaper)
[2020-04-10 20:51:51,375] INFO [ExpirationReaper-0-DeleteRecords]: Shutdown completed (kafka.server.DelayedOperationPurgatory$ExpiredOperationReaper)
[2020-04-10 20:51:51,376] INFO [ExpirationReaper-0-ElectLeader]: Shutting down (kafka.server.DelayedOperationPurgatory$ExpiredOperationReaper)
[2020-04-10 20:51:51,388] INFO [ExpirationReaper-0-ElectLeader]: Stopped (kafka.server.DelayedOperationPurgatory$ExpiredOperationReaper)
[2020-04-10 20:51:51,388] INFO [ExpirationReaper-0-ElectLeader]: Shutdown completed (kafka.server.DelayedOperationPurgatory$ExpiredOperationReaper)
[2020-04-10 20:51:51,399] INFO [ReplicaManager broker=0] Shut down completely (kafka.server.ReplicaManager)
[2020-04-10 20:51:51,400] INFO Shutting down. (kafka.log.LogManager)
[2020-04-10 20:51:51,439] INFO [ProducerStateManager partition=foobar-0] Writing producer snapshot at offset 291 (kafka.log.ProducerStateManager)
[2020-04-10 20:51:51,445] INFO [ProducerStateManager partition=__consumer_offsets-29] Writing producer snapshot at offset 2 (kafka.log.ProducerStateManager)
[2020-04-10 20:51:51,458] INFO Shutdown complete. (kafka.log.LogManager)
[2020-04-10 20:51:51,464] INFO [ZooKeeperClient Kafka server] Closing. (kafka.zookeeper.ZooKeeperClient)
[2020-04-10 20:51:51,568] INFO Session: 0x100030b614c0000 closed (org.apache.zookeeper.ZooKeeper)
[2020-04-10 20:51:51,568] INFO EventThread shut down for session: 0x100030b614c0000 (org.apache.zookeeper.ClientCnxn)
[2020-04-10 20:51:51,569] INFO [ZooKeeperClient Kafka server] Closed. (kafka.zookeeper.ZooKeeperClient)
[2020-04-10 20:51:51,569] INFO [ThrottledChannelReaper-Fetch]: Shutting down (kafka.server.ClientQuotaManager$ThrottledChannelReaper)
[2020-04-10 20:51:52,150] INFO [ThrottledChannelReaper-Fetch]: Stopped (kafka.server.ClientQuotaManager$ThrottledChannelReaper)
[2020-04-10 20:51:52,150] INFO [ThrottledChannelReaper-Fetch]: Shutdown completed (kafka.server.ClientQuotaManager$ThrottledChannelReaper)
[2020-04-10 20:51:52,150] INFO [ThrottledChannelReaper-Produce]: Shutting down (kafka.server.ClientQuotaManager$ThrottledChannelReaper)
[2020-04-10 20:51:53,150] INFO [ThrottledChannelReaper-Produce]: Stopped (kafka.server.ClientQuotaManager$ThrottledChannelReaper)
[2020-04-10 20:51:53,150] INFO [ThrottledChannelReaper-Produce]: Shutdown completed (kafka.server.ClientQuotaManager$ThrottledChannelReaper)
[2020-04-10 20:51:53,151] INFO [ThrottledChannelReaper-Request]: Shutting down (kafka.server.ClientQuotaManager$ThrottledChannelReaper)
[2020-04-10 20:51:54,150] INFO [ThrottledChannelReaper-Request]: Stopped (kafka.server.ClientQuotaManager$ThrottledChannelReaper)
[2020-04-10 20:51:54,151] INFO [ThrottledChannelReaper-Request]: Shutdown completed (kafka.server.ClientQuotaManager$ThrottledChannelReaper)
[2020-04-10 20:51:54,155] INFO [SocketServer brokerId=0] Shutting down socket server (kafka.network.SocketServer)
[2020-04-10 20:51:54,177] INFO [SocketServer brokerId=0] Shutdown completed (kafka.network.SocketServer)
[2020-04-10 20:51:54,180] INFO [KafkaServer id=0] shut down completed (kafka.server.KafkaServer)
